<?xml version="1.0" encoding="UTF-8"?>
<testsuite xmlns:xsi="http://www.w3.org/2001/XMLSchema-instance" xsi:schemaLocation="https://maven.apache.org/surefire/maven-surefire-plugin/xsd/surefire-test-report.xsd" name="ir.ac.kntu.style.CheckPMDTest" time="1.285" tests="1" errors="0" skipped="0" failures="1">
  <properties>
    <property name="java.runtime.name" value="Java(TM) SE Runtime Environment"/>
    <property name="java.vm.version" value="17.0.1+12-LTS-39"/>
    <property name="sun.boot.library.path" value="C:\Program Files\Java\jdk-17.0.1\bin"/>
    <property name="maven.multiModuleProjectDirectory" value="D:\Java\p2-golestan-plus-plus"/>
    <property name="java.vm.vendor" value="Oracle Corporation"/>
    <property name="java.vendor.url" value="https://java.oracle.com/"/>
    <property name="guice.disable.misplaced.annotation.check" value="true"/>
    <property name="path.separator" value=";"/>
    <property name="java.vm.name" value="Java HotSpot(TM) 64-Bit Server VM"/>
    <property name="sun.os.patch.level" value=""/>
    <property name="user.script" value=""/>
    <property name="user.country" value="US"/>
    <property name="sun.java.launcher" value="SUN_STANDARD"/>
    <property name="java.vm.specification.name" value="Java Virtual Machine Specification"/>
    <property name="user.dir" value="D:\Java\p2-golestan-plus-plus"/>
    <property name="java.vm.compressedOopsMode" value="32-bit"/>
    <property name="java.runtime.version" value="17.0.1+12-LTS-39"/>
    <property name="os.arch" value="amd64"/>
    <property name="java.io.tmpdir" value="C:\Users\atoos\AppData\Local\Temp\"/>
    <property name="line.separator" value="&#10;"/>
    <property name="java.vm.specification.vendor" value="Oracle Corporation"/>
    <property name="user.variant" value=""/>
    <property name="os.name" value="Windows 10"/>
    <property name="classworlds.conf" value="C:\apache-maven-3.8.4\bin\m2.conf"/>
    <property name="sun.jnu.encoding" value="Cp1252"/>
    <property name="java.library.path" value="C:\Program Files\Java\jdk-17.0.1\bin;C:\windows\Sun\Java\bin;C:\windows\system32;C:\windows;C:\Program Files\Java\jdk-17.0.1\bin; C:\apache-maven-3.8.4\bin;C:\apache-maven-3.8.4\bin;C:\Program Files\Common Files\Oracle\Java\javapath;C:\ProgramData\Oracle\Java\javapath;C:\Program Files\Java\jdk-17.0.1\bin;C:\Program Files\Java\jre1.8.0_162\bin;C:\windows\system32;C:\windows;C:\windows\System32\Wbem;C:\windows\System32\WindowsPowerShell\v1.0\;C:\windows\System32\OpenSSH\;C:\Program Files\MATLAB\R2018b\runtime\win64;C:\Program Files\MATLAB\R2018b\bin;C:\Program Files\PuTTY\;C:\Program Files\Git\cmd;C:\Program Files\Java\jdk-17.0.1\bin;C:\apache-maven-3.8.4\bin;C:\Users\atoos\AppData\Local\Programs\Python\Python310\Scripts\;C:\Users\atoos\AppData\Local\Programs\Python\Python310\;C:\Users\atoos\AppData\Local\Microsoft\WindowsApps;C:\Users\atoos\AppData\Local\atom\bin;C:\Users\atoos\AppData\Local\GitHubDesktop\bin;C:\Program Files\JetBrains\IntelliJ IDEA 2021.2.3\bin;;C:\Program Files\JetBrains\PyCharm Community Edition 2021.2.3\bin;;;C:\Program Files\JetBrains\IntelliJ IDEA Community Edition 2021.2.3\bin;;."/>
    <property name="maven.conf" value="C:\apache-maven-3.8.4/conf"/>
    <property name="jdk.debug" value="release"/>
    <property name="java.class.version" value="61.0"/>
    <property name="java.specification.name" value="Java Platform API Specification"/>
    <property name="sun.management.compiler" value="HotSpot 64-Bit Tiered Compilers"/>
    <property name="os.version" value="10.0"/>
    <property name="library.jansi.path" value="C:\apache-maven-3.8.4\lib\jansi-native"/>
    <property name="user.home" value="C:\Users\atoos"/>
    <property name="user.timezone" value="Asia/Tehran"/>
    <property name="file.encoding" value="Cp1252"/>
    <property name="java.specification.version" value="17"/>
    <property name="user.name" value="atoos"/>
    <property name="java.class.path" value="C:\apache-maven-3.8.4\boot\plexus-classworlds-2.6.0.jar"/>
    <property name="java.vm.specification.version" value="17"/>
    <property name="sun.arch.data.model" value="64"/>
    <property name="sun.java.command" value="org.codehaus.plexus.classworlds.launcher.Launcher clean test"/>
    <property name="java.home" value="C:\Program Files\Java\jdk-17.0.1"/>
    <property name="user.language" value="en"/>
    <property name="java.specification.vendor" value="Oracle Corporation"/>
    <property name="java.vm.info" value="mixed mode, sharing"/>
    <property name="java.version" value="17.0.1"/>
    <property name="native.encoding" value="Cp1252"/>
    <property name="java.vendor" value="Oracle Corporation"/>
    <property name="sun.stderr.encoding" value="cp437"/>
    <property name="maven.home" value="C:\apache-maven-3.8.4"/>
    <property name="file.separator" value="\"/>
    <property name="java.version.date" value="2021-10-19"/>
    <property name="java.vendor.url.bug" value="https://bugreport.java.com/bugreport/"/>
    <property name="sun.io.unicode.encoding" value="UnicodeLittle"/>
    <property name="sun.cpu.endian" value="little"/>
    <property name="sun.stdout.encoding" value="cp437"/>
    <property name="sun.cpu.isalist" value="amd64"/>
  </properties>
  <testcase name="testPMD" classname="ir.ac.kntu.style.CheckPMDTest" time="1.178">
    <failure message="No Vilation in Resource Closing expected:&lt;0&gt; but was:&lt;3&gt;" type="java.lang.AssertionError"><![CDATA[java.lang.AssertionError: No Vilation in Resource Closing expected:<0> but was:<3>
	at ir.ac.kntu.style.CheckPMDTest.testPMD(CheckPMDTest.java:43)
]]></failure>
    <system-out><![CDATA[Root is set to "D:\Java\p2-golestan-plus-plus\src\main".
Found 14 Java source files.
D:\Java\p2-golestan-plus-plus\src\main\java\ir\ac\kntu\Student.java:160:	Avoid really long methods.
D:\Java\p2-golestan-plus-plus\src\main\java\ir\ac\kntu\Professor.java:103:	Avoid really long methods.
D:\Java\p2-golestan-plus-plus\src\main\java\ir\ac\kntu\Main.java:122:	Avoid really long methods.
]]></system-out>
    <system-err><![CDATA[Jan 04, 2022 2:10:11 AM net.sourceforge.pmd.PMD encourageToUseIncrementalAnalysis
WARNING: This analysis could be faster, please consider using Incremental Analysis: https://pmd.github.io/pmd-6.21.0/pmd_userdocs_incremental_analysis.html
]]></system-err>
  </testcase>
</testsuite>