<?xml version="1.0" encoding="UTF-8"?>
<testsuite xmlns:xsi="http://www.w3.org/2001/XMLSchema-instance" xsi:schemaLocation="https://maven.apache.org/surefire/maven-surefire-plugin/xsd/surefire-test-report.xsd" name="ir.ac.kntu.style.CheckPMDTest" time="1.285" tests="1" errors="0" skipped="0" failures="1">
  <properties>
[...]
</properties>
  <testcase name="testPMD" classname="ir.ac.kntu.style.CheckPMDTest" time="1.178">
    <failure message="No Vilation in Resource Closing expected:&lt;0&gt; but was:&lt;3&gt;" type="java.lang.AssertionError"><![CDATA[java.lang.AssertionError: No Vilation in Resource Closing expected:<0> but was:<3>
	at ir.ac.kntu.style.CheckPMDTest.testPMD(CheckPMDTest.java:43)
]]></failure>
    <system-out><![CDATA[Root is set to "D:\Java\p2-golestan-plus-plus\src\main".
Found 14 Java source files.
D:\Java\p2-golestan-plus-plus\src\main\java\ir\ac\kntu\Student.java:160:	Avoid really long methods.
D:\Java\p2-golestan-plus-plus\src\main\java\ir\ac\kntu\Professor.java:103:	Avoid really long methods.
D:\Java\p2-golestan-plus-plus\src\main\java\ir\ac\kntu\Main.java:122:	Avoid really long methods.
]]></system-out>
    <system-err><![CDATA[Jan 04, 2022 2:10:11 AM net.sourceforge.pmd.PMD encourageToUseIncrementalAnalysis
WARNING: This analysis could be faster, please consider using Incremental Analysis: https://pmd.github.io/pmd-6.21.0/pmd_userdocs_incremental_analysis.html
]]></system-err>
  </testcase>
</testsuite>